<?xml version="1.0" encoding="UTF-8"?>
<!-- Generated by org.testng.reporters.JUnitXMLReporter -->
<testsuite ignored="0" hostname="DESKTOP-QEI5JSS" failures="0" tests="8" name="Test Mavan Test" time="12.186" errors="0" timestamp="2023-04-06T12:17:09 IST">
  <testcase classname="org.tests.automation.RestAssured1" name="restAssured" time="5.318"/>
  <testcase classname="org.tests.automation.RestAssured1" name="restAssuredBDDGet" time="2.807"/>
  <testcase classname="org.tests.automation.RestAssured1" name="restAssuredBDDGet1" time="0.4"/>
  <testcase classname="org.tests.automation.RestAssured1" name="restAssuredBDDPost" time="0.933"/>
  <testcase classname="org.tests.automation.TestRestAssured" name="restAssured" time="0.266"/>
  <testcase classname="org.tests.automation.TestRestAssured" name="restAssuredBDDGet" time="0.56"/>
  <testcase classname="org.tests.automation.TestRestAssured" name="restAssuredBDDGet1" time="0.826"/>
  <testcase classname="org.tests.automation.TestRestAssured" name="restAssuredBDDPost" time="0.858"/>
</testsuite> <!-- Test Mavan Test -->
