<?xml version="1.0" encoding="UTF-8"?>
<testng-results ignored="0" total="8" passed="8" failed="0" skipped="0">
  <reporter-output>
  </reporter-output>
  <suite started-at="2023-04-06T12:16:56 IST" name="MyTestSuite" finished-at="2023-04-06T12:17:09 IST" duration-ms="12186">
    <groups>
    </groups>
    <test started-at="2023-04-06T12:16:56 IST" name="Test Mavan Test" finished-at="2023-04-06T12:17:09 IST" duration-ms="12186">
      <class name="org.tests.automation.TestRestAssured">
        <test-method signature="restAssured()[pri:0, instance:org.tests.automation.TestRestAssured@460d0a57]" started-at="2023-04-06T12:17:06 IST" name="restAssured" finished-at="2023-04-06T12:17:06 IST" duration-ms="266" status="PASS">
          <reporter-output>
          </reporter-output>
        </test-method> <!-- restAssured -->
        <test-method signature="restAssuredBDDGet()[pri:0, instance:org.tests.automation.TestRestAssured@460d0a57]" started-at="2023-04-06T12:17:06 IST" name="restAssuredBDDGet" finished-at="2023-04-06T12:17:07 IST" duration-ms="560" status="PASS">
          <reporter-output>
          </reporter-output>
        </test-method> <!-- restAssuredBDDGet -->
        <test-method signature="restAssuredBDDGet1()[pri:0, instance:org.tests.automation.TestRestAssured@460d0a57]" started-at="2023-04-06T12:17:07 IST" name="restAssuredBDDGet1" finished-at="2023-04-06T12:17:08 IST" duration-ms="826" status="PASS">
          <reporter-output>
          </reporter-output>
        </test-method> <!-- restAssuredBDDGet1 -->
        <test-method signature="restAssuredBDDPost()[pri:0, instance:org.tests.automation.TestRestAssured@460d0a57]" started-at="2023-04-06T12:17:08 IST" name="restAssuredBDDPost" finished-at="2023-04-06T12:17:09 IST" duration-ms="858" status="PASS">
          <reporter-output>
          </reporter-output>
        </test-method> <!-- restAssuredBDDPost -->
      </class> <!-- org.tests.automation.TestRestAssured -->
      <class name="org.tests.automation.RestAssured1">
        <test-method signature="restAssured()[pri:0, instance:org.tests.automation.RestAssured1@4b14c583]" started-at="2023-04-06T12:16:57 IST" name="restAssured" finished-at="2023-04-06T12:17:02 IST" duration-ms="5318" status="PASS">
          <reporter-output>
          </reporter-output>
        </test-method> <!-- restAssured -->
        <test-method signature="restAssuredBDDGet()[pri:0, instance:org.tests.automation.RestAssured1@4b14c583]" started-at="2023-04-06T12:17:02 IST" name="restAssuredBDDGet" finished-at="2023-04-06T12:17:05 IST" duration-ms="2807" status="PASS">
          <reporter-output>
          </reporter-output>
        </test-method> <!-- restAssuredBDDGet -->
        <test-method signature="restAssuredBDDGet1()[pri:0, instance:org.tests.automation.RestAssured1@4b14c583]" started-at="2023-04-06T12:17:05 IST" name="restAssuredBDDGet1" finished-at="2023-04-06T12:17:05 IST" duration-ms="400" status="PASS">
          <reporter-output>
          </reporter-output>
        </test-method> <!-- restAssuredBDDGet1 -->
        <test-method signature="restAssuredBDDPost()[pri:0, instance:org.tests.automation.RestAssured1@4b14c583]" started-at="2023-04-06T12:17:05 IST" name="restAssuredBDDPost" finished-at="2023-04-06T12:17:06 IST" duration-ms="933" status="PASS">
          <reporter-output>
          </reporter-output>
        </test-method> <!-- restAssuredBDDPost -->
      </class> <!-- org.tests.automation.RestAssured1 -->
    </test> <!-- Test Mavan Test -->
  </suite> <!-- MyTestSuite -->
</testng-results>
