<?xml version="1.0" encoding="UTF-8"?>
<testng-results ignored="0" total="1" passed="1" failed="0" skipped="0">
  <reporter-output>
  </reporter-output>
  <suite started-at="2023-04-02T15:48:09 IST" name="Default suite" finished-at="2023-04-02T15:48:16 IST" duration-ms="6217">
    <groups>
    </groups>
    <test started-at="2023-04-02T15:48:09 IST" name="Default test" finished-at="2023-04-02T15:48:16 IST" duration-ms="6217">
      <class name="org.tests.automation.TestRestAssured">
        <test-method signature="restAssuredBDDPost()[pri:0, instance:org.tests.automation.TestRestAssured@3967e60c]" started-at="2023-04-02T15:48:10 IST" name="restAssuredBDDPost" finished-at="2023-04-02T15:48:16 IST" duration-ms="6069" status="PASS">
          <reporter-output>
          </reporter-output>
        </test-method> <!-- restAssuredBDDPost -->
      </class> <!-- org.tests.automation.TestRestAssured -->
    </test> <!-- Default test -->
  </suite> <!-- Default suite -->
</testng-results>
